06-07-2023	23:56:05----/aa---GET---Not Found06-07-2023	23:57:37----/aa---GET---Not Found07-07-2023	00:01:31----/aa---GET---Not Found
07-07-2023	00:04:46----/volcab---GET---a is not defined
07-07-2023	00:05:56----route: /volcab----method: GET----a is not defined
03-09-2023	07:30:00----route: /----method: GET----Not Found
03-09-2023	07:35:58----route: /user/create----method: POST----Not Found
03-09-2023	08:00:24----route: /user/get-add?page=1----method: GET----Not Found
03-09-2023	08:09:57----route: /user/find?id=cacae22d-acf1-4226-804e-ce9499f1da7c----method: GET----Converting circular structure to JSON
    --> starting at object with constructor 'MongoClient'
    |     property 's' -> object with constructor 'Object'
    |     property 'sessionPool' -> object with constructor 'ServerSessionPool'
    --- property 'client' closes the circle
03-09-2023	08:10:26----route: /user/find?id=cacae22d-acf1-4226-804e-ce9499f1da7c----method: GET----Converting circular structure to JSON
    --> starting at object with constructor 'MongoClient'
    |     property 's' -> object with constructor 'Object'
    |     property 'sessionPool' -> object with constructor 'ServerSessionPool'
    --- property 'client' closes the circle
03-09-2023	08:10:37----route: /user/find?id=cacae22d-acf1-4226-804e-ce9499f1da7c----method: GET----Converting circular structure to JSON
    --> starting at object with constructor 'MongoClient'
    |     property 's' -> object with constructor 'Object'
    |     property 'sessionPool' -> object with constructor 'ServerSessionPool'
    --- property 'client' closes the circle
03-09-2023	08:10:40----route: /user/find?id=cacae22d-acf1-4226-804e-ce9499f1da7c----method: GET----Converting circular structure to JSON
    --> starting at object with constructor 'MongoClient'
    |     property 's' -> object with constructor 'Object'
    |     property 'sessionPool' -> object with constructor 'ServerSessionPool'
    --- property 'client' closes the circle
03-09-2023	08:10:43----route: /user/find?id=cacae22d-acf1-4226-804e-ce9499f1da7c----method: GET----Converting circular structure to JSON
    --> starting at object with constructor 'MongoClient'
    |     property 's' -> object with constructor 'Object'
    |     property 'sessionPool' -> object with constructor 'ServerSessionPool'
    --- property 'client' closes the circle
03-09-2023	08:10:46----route: /user/find?id=cacae22d-acf1-4226-804e-ce9499f1da7c----method: GET----Converting circular structure to JSON
    --> starting at object with constructor 'MongoClient'
    |     property 's' -> object with constructor 'Object'
    |     property 'sessionPool' -> object with constructor 'ServerSessionPool'
    --- property 'client' closes the circle
03-09-2023	08:11:06----route: /user/find?id=cacae22d-acf1-4226-804e-ce9499f1da7c----method: GET----Converting circular structure to JSON
    --> starting at object with constructor 'MongoClient'
    |     property 's' -> object with constructor 'Object'
    |     property 'sessionPool' -> object with constructor 'ServerSessionPool'
    --- property 'client' closes the circle
03-09-2023	08:11:12----route: /user/find?id=cacae22d-acf1-4226-804e-ce9499f1da7c----method: GET----Converting circular structure to JSON
    --> starting at object with constructor 'MongoClient'
    |     property 's' -> object with constructor 'Object'
    |     property 'sessionPool' -> object with constructor 'ServerSessionPool'
    --- property 'client' closes the circle
03-09-2023	08:11:26----route: /user/find?id=cacae22d-acf1-4226-804e-ce9499f1da7c----method: GET----Converting circular structure to JSON
    --> starting at object with constructor 'MongoClient'
    |     property 's' -> object with constructor 'Object'
    |     property 'sessionPool' -> object with constructor 'ServerSessionPool'
    --- property 'client' closes the circle
03-09-2023	08:11:29----route: /user/find?id=cacae22d-acf1-4226-804e-ce9499f1da7c----method: GET----Converting circular structure to JSON
    --> starting at object with constructor 'MongoClient'
    |     property 's' -> object with constructor 'Object'
    |     property 'sessionPool' -> object with constructor 'ServerSessionPool'
    --- property 'client' closes the circle
03-09-2023	08:12:00----route: /user/find?id=cacae22d-acf1-4226-804e-ce9499f1da7c----method: GET----Converting circular structure to JSON
    --> starting at object with constructor 'MongoClient'
    |     property 's' -> object with constructor 'Object'
    |     property 'sessionPool' -> object with constructor 'ServerSessionPool'
    --- property 'client' closes the circle
03-09-2023	08:12:42----route: /user/find?id=cacae22d-acf1-4226-804e-ce9499f1da7c----method: GET----Converting circular structure to JSON
    --> starting at object with constructor 'NativeConnection'
    |     property 'base' -> object with constructor 'Mongoose'
    |     property 'connections' -> object with constructor 'Array'
    --- index 0 closes the circle
03-09-2023	08:13:12----route: /user/find?id=cacae22d-acf1-4226-804e-ce9499f1da7c----method: GET----Converting circular structure to JSON
    --> starting at object with constructor 'NativeConnection'
    |     property 'base' -> object with constructor 'Mongoose'
    |     property 'connections' -> object with constructor 'Array'
    --- index 0 closes the circle
03-09-2023	08:15:09----route: /user/find?id=cacae22d-acf1-4226-804e-ce9499f1da7c----method: GET----Not Found
03-09-2023	08:15:21----route: /user/find-id?id=cacae22d-acf1-4226-804e-ce9499f1da7c----method: GET----Converting circular structure to JSON
    --> starting at object with constructor 'MongoClient'
    |     property 's' -> object with constructor 'Object'
    |     property 'sessionPool' -> object with constructor 'ServerSessionPool'
    --- property 'client' closes the circle
03-09-2023	08:15:26----route: /user/find-id?id=cacae22d-acf1-4226-804e-ce9499f1da7c----method: GET----Converting circular structure to JSON
    --> starting at object with constructor 'MongoClient'
    |     property 's' -> object with constructor 'Object'
    |     property 'sessionPool' -> object with constructor 'ServerSessionPool'
    --- property 'client' closes the circle
03-09-2023	08:15:38----route: /user/find-id?id=cacae22d-acf1-4226-804e-ce9499f1da7c----method: GET----Converting circular structure to JSON
    --> starting at object with constructor 'MongoClient'
    |     property 's' -> object with constructor 'Object'
    |     property 'sessionPool' -> object with constructor 'ServerSessionPool'
    --- property 'client' closes the circle
03-09-2023	08:16:13----route: /user/find-id?id=cacae22d-acf1-4226-804e-ce9499f1da7c----method: GET----Converting circular structure to JSON
    --> starting at object with constructor 'NativeConnection'
    |     property 'base' -> object with constructor 'Mongoose'
    |     property 'connections' -> object with constructor 'Array'
    --- index 0 closes the circle
03-09-2023	08:17:25----route: /user/find-id?id=cacae22d-acf1-4226-804e-ce9499f1da7c----method: GET----Converting circular structure to JSON
    --> starting at object with constructor 'NativeConnection'
    |     property 'base' -> object with constructor 'Mongoose'
    |     property 'connections' -> object with constructor 'Array'
    --- index 0 closes the circle
03-09-2023	08:29:05----route: /user/update----method: POST----Assignment to constant variable.
03-09-2023	08:29:16----route: /user/update----method: POST----Assignment to constant variable.
03-09-2023	08:29:58----route: /user/update----method: POST----Assignment to constant variable.
03-09-2023	08:30:24----route: /user/update----method: POST----updateUser.save is not a function
03-09-2023	08:52:19----route: /----method: GET----Not Found
03-09-2023	08:52:21----route: /----method: GET----Not Found
03-09-2023	08:52:25----route: /company----method: GET----Not Found
03-09-2023	08:52:28----route: /company/get----method: GET----Not Found
03-09-2023	08:52:39----route: /company/get----method: GET----Not Found
03-09-2023	08:52:44----route: /company/get----method: GET----Not Found
03-09-2023	08:52:51----route: /company/get----method: GET----Not Found
03-09-2023	08:52:54----route: /company/get----method: GET----Not Found
03-09-2023	08:54:26----route: /company/get----method: GET----Not Found
03-09-2023	08:54:32----route: /company/get----method: GET----Not Found
03-09-2023	09:07:15----route: /post/get----method: GET----Not Found
03-09-2023	09:14:20----route: /----method: GET----Not Found
03-09-2023	09:14:21----route: /----method: GET----Not Found
03-09-2023	09:14:23----route: /post----method: GET----Not Found
03-09-2023	09:14:25----route: /post/get----method: GET----Not Found
03-09-2023	09:14:31----route: /post/get----method: GET----Not Found
03-09-2023	09:14:37----route: /post/get----method: GET----Not Found
03-09-2023	09:14:40----route: /post/get----method: GET----Not Found
03-09-2023	13:17:49----route: /----method: GET----Not Found
03-09-2023	13:41:06----route: /admin/login----method: POST----res.status(...).message is not a function
03-09-2023	13:42:02----route: /admin/login----method: POST----res.status(...).message is not a function
03-09-2023	16:04:42----route: /file/update----method: POST----Not Found
